0 info it worked if it ends with ok
1 verbose cli [ '/usr/bin/node', '/usr/bin/npm', 'install', 'https' ]
2 info using npm@1.4.28
3 info using node@v0.10.33
4 verbose node symlink /usr/bin/node
5 verbose readDependencies using package.json deps
6 verbose cache add [ 'https', null ]
7 verbose cache add name=undefined spec="https" args=["https",null]
8 verbose parsed url { protocol: null,
8 verbose parsed url   slashes: null,
8 verbose parsed url   auth: null,
8 verbose parsed url   host: null,
8 verbose parsed url   port: null,
8 verbose parsed url   hostname: null,
8 verbose parsed url   hash: null,
8 verbose parsed url   search: null,
8 verbose parsed url   query: null,
8 verbose parsed url   pathname: 'https',
8 verbose parsed url   path: 'https',
8 verbose parsed url   href: 'https' }
9 silly lockFile c3437dbc-https https
10 verbose lock https /home/sohama4/.npm/c3437dbc-https.lock
11 silly lockFile c3437dbc-https https
12 silly lockFile c3437dbc-https https
13 verbose addNamed [ 'https', '' ]
14 verbose addNamed [ null, '*' ]
15 silly lockFile 421d451a-https https@
16 verbose lock https@ /home/sohama4/.npm/421d451a-https.lock
17 silly addNameRange { name: 'https', range: '*', hasData: false }
18 verbose request where is /https
19 verbose request registry https://registry.npmjs.org/
20 verbose request id 57d28e0f8bd98f0a
21 verbose url raw /https
22 verbose url resolving [ 'https://registry.npmjs.org/', './https' ]
23 verbose url resolved https://registry.npmjs.org/https
24 verbose request where is https://registry.npmjs.org/https
25 info trying registry request attempt 1 at 07:12:29
26 http GET https://registry.npmjs.org/https
27 http 404 https://registry.npmjs.org/https
28 verbose headers { date: 'Fri, 05 Dec 2014 12:14:45 GMT',
28 verbose headers   server: 'CouchDB/1.5.0 (Erlang OTP/R16B03)',
28 verbose headers   'content-type': 'application/json',
28 verbose headers   'cache-control': 'max-age=0',
28 verbose headers   'content-length': '52',
28 verbose headers   'accept-ranges': 'bytes',
28 verbose headers   via: '1.1 varnish',
28 verbose headers   age: '0',
28 verbose headers   'x-served-by': 'cache-iad2135-IAD',
28 verbose headers   'x-cache': 'MISS',
28 verbose headers   'x-cache-hits': '0',
28 verbose headers   'x-timer': 'S1417781685.449903,VS0,VE57',
28 verbose headers   'keep-alive': 'timeout=10, max=50',
28 verbose headers   connection: 'Keep-Alive' }
29 silly registry.get cb [ 404,
29 silly registry.get   { date: 'Fri, 05 Dec 2014 12:14:45 GMT',
29 silly registry.get     server: 'CouchDB/1.5.0 (Erlang OTP/R16B03)',
29 silly registry.get     'content-type': 'application/json',
29 silly registry.get     'cache-control': 'max-age=0',
29 silly registry.get     'content-length': '52',
29 silly registry.get     'accept-ranges': 'bytes',
29 silly registry.get     via: '1.1 varnish',
29 silly registry.get     age: '0',
29 silly registry.get     'x-served-by': 'cache-iad2135-IAD',
29 silly registry.get     'x-cache': 'MISS',
29 silly registry.get     'x-cache-hits': '0',
29 silly registry.get     'x-timer': 'S1417781685.449903,VS0,VE57',
29 silly registry.get     'keep-alive': 'timeout=10, max=50',
29 silly registry.get     connection: 'Keep-Alive' } ]
30 silly lockFile 421d451a-https https@
31 silly lockFile 421d451a-https https@
32 error 404 404 Not Found: https
32 error 404
32 error 404 'https' is not in the npm registry.
32 error 404 You should bug the author to publish it
32 error 404 It was specified as a dependency of 'sohama4'
32 error 404
32 error 404 Note that you can also install from a
32 error 404 tarball, folder, or http url, or git url.
33 error System Linux 3.2.0-4-amd64
34 error command "/usr/bin/node" "/usr/bin/npm" "install" "https"
35 error cwd /home/sohama4/sohama4
36 error node -v v0.10.33
37 error npm -v 1.4.28
38 error code E404
39 verbose exit [ 1, true ]
